<?xml version="1.0" encoding="UTF-8"?>
<!-- Generated by org.testng.reporters.JUnitXMLReporter -->
<testsuite ignored="0" hostname="LAPTOP-6TD2M6NN" failures="1" tests="1" name="Surefire test" time="11.343" errors="0" timestamp="2024-10-09T19:47:14 IST">
  <testcase classname="io.cucumber.testng.AbstractTestNGCucumberTests" name="runScenario" time="10.683">
    <failure type="java.lang.AssertionError" message="expected [Incorrect email or password.] but found [Incorrect email  or password.]">
      <![CDATA[java.lang.AssertionError: expected [Incorrect email or password.] but found [Incorrect email  or password.]
at rahulshettyacademy.stepDefinitions.StepDefinitionImpl.incorrect_msg_is_displayed(StepDefinitionImpl.java:67)
at âœ½."Incorrect email  or password." Incorrect msg is displayed(file:///C:/Users/Rumana/OneDrive/Desktop/JavaSelenium/SeleniumFrameworkDesign/src/test/java/cucumber/ErrorValidations.feature:12)
... Removed 6 stack frames]]>
    </failure>
  </testcase> <!-- runScenario -->
</testsuite> <!-- Surefire test -->
