<?xml version="1.0" encoding="UTF-8"?>
<!-- Generated by org.testng.reporters.JUnitReportReporter -->
<testsuite hostname="LAPTOP-6TD2M6NN" failures="1" tests="1" name="cucumber.TestNGTestRunner" time="10.683" errors="0" timestamp="2024-10-09T19:47:14 IST" skipped="0">
  <testcase classname="cucumber.TestNGTestRunner" name="runScenario" time="10.683">
    <failure message="expected [Incorrect email or password.] but found [Incorrect email  or password.]" type="java.lang.AssertionError">
      <![CDATA[java.lang.AssertionError: expected [Incorrect email or password.] but found [Incorrect email  or password.]
at org.testng.Assert.fail(Assert.java:111)
at org.testng.Assert.failNotEquals(Assert.java:1578)
at org.testng.Assert.assertEqualsImpl(Assert.java:150)
at org.testng.Assert.assertEquals(Assert.java:132)
at org.testng.Assert.assertEquals(Assert.java:656)
at org.testng.Assert.assertEquals(Assert.java:666)
at rahulshettyacademy.stepDefinitions.StepDefinitionImpl.incorrect_msg_is_displayed(StepDefinitionImpl.java:67)
at âœ½."Incorrect email  or password." Incorrect msg is displayed(file:///C:/Users/Rumana/OneDrive/Desktop/JavaSelenium/SeleniumFrameworkDesign/src/test/java/cucumber/ErrorValidations.feature:12)
]]>
    </failure>
  </testcase> <!-- runScenario -->
</testsuite> <!-- cucumber.TestNGTestRunner -->
